<?xml version="1.0" encoding="UTF-8"?>
<!-- Generated by org.testng.reporters.JUnitXMLReporter -->
<testsuite ignored="0" hostname="LAPTOP-1EJ4M0KE" failures="0" tests="6" name="Testing" time="0.044" errors="0" timestamp="2025-01-24T13:54:07 IST">
  <testcase classname="testng.PracticeClass_1" name="day1" time="0.004"/>
  <testcase classname="testng.PracticeClass_1" name="day2" time="0.001"/>
  <testcase classname="testng.PracticeClass_2" name="driveCar" time="0.001"/>
  <testcase classname="testng.PracticeClass_2" name="ridingBike" time="0.001"/>
  <testcase classname="testng.PracticeClass_3" name="day1" time="0.0"/>
  <testcase classname="testng.PracticeClass_3" name="day2" time="0.0"/>
</testsuite> <!-- Testing -->
