<?xml version="1.0" encoding="UTF-8"?>
<testng-results ignored="0" total="2" passed="2" failed="0" skipped="0">
  <reporter-output>
  </reporter-output>
  <suite started-at="2025-02-18T08:32:02 IST" name="Default suite" finished-at="2025-02-18T08:32:08 IST" duration-ms="5709">
    <groups>
    </groups>
    <test started-at="2025-02-18T08:32:02 IST" name="Default test" finished-at="2025-02-18T08:32:08 IST" duration-ms="5709">
      <class name="selenium_basics.ChromeDevTools">
        <test-method signature="basicAuthentication()[pri:0, instance:selenium_basics.ChromeDevTools@4facf68f]" started-at="2025-02-18T08:32:02 IST" name="basicAuthentication" finished-at="2025-02-18T08:32:06 IST" duration-ms="3415" status="PASS">
          <reporter-output>
          </reporter-output>
        </test-method> <!-- basicAuthentication -->
        <test-method signature="logJavaScriptErrors()[pri:0, instance:selenium_basics.ChromeDevTools@4facf68f]" started-at="2025-02-18T08:32:06 IST" name="logJavaScriptErrors" finished-at="2025-02-18T08:32:08 IST" duration-ms="2261" status="PASS">
          <reporter-output>
          </reporter-output>
        </test-method> <!-- logJavaScriptErrors -->
      </class> <!-- selenium_basics.ChromeDevTools -->
    </test> <!-- Default test -->
  </suite> <!-- Default suite -->
</testng-results>
